<?xml version="1.0" encoding="UTF-8"?>
<!-- Generated by org.testng.reporters.JUnitReportReporter -->
<testsuite hostname="DESKTOP-Q6F9PJA" failures="0" tests="1" name="com.OmistusCrm.Operation.OperationDelete" time="11.282" errors="0" timestamp="2021-05-31T16:07:44 IST" skipped="0">
  <testcase classname="com.OmistusCrm.Operation.OperationDelete" name="deleteOperation" time="11.282"/>
  <system-out>
deleteOperation Started Home Page is Displayed campaigndetails Page is Displayed custom Page is Displayed deleteOperation Passed  </system-out>
</testsuite> <!-- com.OmistusCrm.Operation.OperationDelete -->
