<?xml version="1.0" encoding="UTF-8"?>
<!-- Generated by org.testng.reporters.JUnitReportReporter -->
<testsuite hostname="DESKTOP-Q6F9PJA" failures="0" tests="1" name="com.OmistusCrm.Counsel.verifyLeadCreation" time="14.952" errors="0" timestamp="2021-05-31T16:27:33 IST" skipped="0">
  <testcase classname="com.OmistusCrm.Counsel.verifyLeadCreation" name="leadCreation" time="14.952"/>
  <system-out>
leadCreation Started Home page is Displayed  Create LeadPage is Displayed leadCreation Passed  </system-out>
</testsuite> <!-- com.OmistusCrm.Counsel.verifyLeadCreation -->
