<?xml version="1.0" encoding="UTF-8"?>
<!-- Generated by org.testng.reporters.JUnitReportReporter -->
<testsuite hostname="DESKTOP-Q6F9PJA" failures="0" tests="1" name="com.OmistusCrm.Counsel.verifyLeadCreation" time="16.978" errors="0" timestamp="2021-05-28T18:54:05 IST" skipped="0">
  <testcase classname="com.OmistusCrm.Counsel.verifyLeadCreation" name="leadCreation" time="16.978"/>
  <system-out>
leadCreation Started Home page is Displayed Custom View Page is Displayed  Create LeadPage is Displayed leadCreation Passed  </system-out>
</testsuite> <!-- com.OmistusCrm.Counsel.verifyLeadCreation -->
