<?xml version="1.0" encoding="UTF-8"?>
<!-- Generated by org.testng.reporters.JUnitReportReporter -->
<testsuite hostname="DESKTOP-Q6F9PJA" failures="0" tests="1" name="com.OmistusCrm.Operation.verifyAllActiveOperaions" time="7.591" errors="0" timestamp="2021-05-31T10:26:51 IST" skipped="0">
  <testcase classname="com.OmistusCrm.Operation.verifyAllActiveOperaions" name="allActiveOperations" time="7.591"/>
  <system-out>
allActiveOperations Started Home page is Displayed custom viewpage is Displayed allActiveOperations Passed  </system-out>
</testsuite> <!-- com.OmistusCrm.Operation.verifyAllActiveOperaions -->
