<?xml version="1.0" encoding="UTF-8"?>
<!-- Generated by org.testng.reporters.JUnitReportReporter -->
<testsuite hostname="DESKTOP-Q6F9PJA" failures="0" tests="1" name="com.OmistusCrm.Operation.Demo" time="0.001" errors="0" timestamp="2021-05-28T18:54:05 IST" skipped="0">
  <testcase classname="com.OmistusCrm.Operation.Demo" name="run" time="0.001"/>
  <system-out>
run Started  Demotestcases running sucussfulluy run Passed  </system-out>
</testsuite> <!-- com.OmistusCrm.Operation.Demo -->
