<?xml version="1.0" encoding="UTF-8"?>
<!-- Generated by org.testng.reporters.JUnitReportReporter -->
<testsuite hostname="DESKTOP-Q6F9PJA" failures="0" tests="1" name="com.OmistusCrm.Operation.Remo" time="0.019" errors="0" timestamp="2021-05-28T18:54:04 IST" skipped="0">
  <testcase classname="com.OmistusCrm.Operation.Remo" name="run" time="0.019"/>
  <system-out>
run Started Remo testcases running sucussfulluy run Passed  </system-out>
</testsuite> <!-- com.OmistusCrm.Operation.Remo -->
