<?xml version="1.0" encoding="UTF-8"?>
<!-- Generated by org.testng.reporters.JUnitReportReporter -->
<testsuite hostname="DESKTOP-Q6F9PJA" failures="0" tests="1" name="com.OmistusCrm.Operation.VerifyOperationCreation" time="24.423" errors="0" timestamp="2021-05-28T18:54:05 IST" skipped="0">
  <testcase classname="com.OmistusCrm.Operation.VerifyOperationCreation" name="verifyOperationTest" time="24.423"/>
  <system-out>
verifyOperationTest Started Home page is Displayed Custom View Page is Displayed Create Campaign Page is Displayed Our Campaign is Created verifyOperationTest Passed  </system-out>
</testsuite> <!-- com.OmistusCrm.Operation.VerifyOperationCreation -->
